{"level":"error","message":"Error = Error: read ETIMEDOUT , Filename = ecommerce.basket.model.js"}
{"level":"error","message":"Error = Error: read ETIMEDOUT , Filename = repair.request.model.js"}
{"level":"error","message":"Error = Error: connect ENETUNREACH 65.1.73.181:3306 - Local (0.0.0.0:60132) , Filename = repair.request.model.js"}
{"level":"error","message":"Error = Error: connect ENETUNREACH 65.1.73.181:3306 - Local (0.0.0.0:60135) , Filename = repair.request.model.js"}
{"level":"error","message":"Error = Error: connect ENETUNREACH 65.1.73.181:3306 - Local (0.0.0.0:60174) , Filename = ecommerce.basket.model.js"}
{"level":"error","message":"Error = Error: connect ENETUNREACH 65.1.73.181:3306 - Local (0.0.0.0:60175) , Filename = ecommerce.basket.model.js"}
{"level":"error","message":"Error = Error: connect ENETUNREACH 65.1.73.181:3306 - Local (0.0.0.0:60177) , Filename = repair.request.model.js"}
{"level":"error","message":"Error = Error: Handshake inactivity timeout , Filename = repair.request.model.js"}
{"level":"error","message":"Error = Error: Handshake inactivity timeout , Filename = repair.request.model.js"}
{"level":"error","message":"Error = Error: Handshake inactivity timeout , Filename = repair.request.model.js"}
{"level":"error","message":"Error = Error: Handshake inactivity timeout , Filename = repair.request.model.js"}
{"level":"error","message":"Error = Error: Handshake inactivity timeout , Filename = repair.request.model.js"}
{"level":"error","message":"Error = Error: connect ETIMEDOUT , Filename = repair.request.model.js"}
{"level":"error","message":"Error = Error: connect ETIMEDOUT , Filename = repair.request.model.js"}
{"level":"error","message":"Error = Error: Handshake inactivity timeout , Filename = repair.request.model.js"}
{"level":"error","message":"Error = Error: Handshake inactivity timeout , Filename = repair.request.model.js"}
{"level":"error","message":"Error = Error: Handshake inactivity timeout, Filename = sales.order.model.js"}
{"level":"error","message":"Error = Error: Handshake inactivity timeout, Filename = sales.order.model.js"}
{"level":"error","message":"Error = Error: Handshake inactivity timeout , Filename = repair.request.model.js"}
{"level":"error","message":"Error = Error: Handshake inactivity timeout , Filename = repair.request.model.js"}
{"level":"error","message":"Error = Error: ER_BAD_FIELD_ERROR: Unknown column 'RR.Requestor' in 'field list' , Filename = repair.request.model.js"}
{"level":"error","message":"Error = Error: ER_BAD_FIELD_ERROR: Unknown column 'RR.Requestor' in 'field list' , Filename = repair.request.model.js"}
{"level":"error","message":"Error = Error: ER_BAD_FIELD_ERROR: Unknown column 'RR.Requestor' in 'field list' , Filename = repair.request.model.js"}
{"level":"error","message":"Error = Error: connect ETIMEDOUT , Filename = repair.request.model.js"}
{"level":"error","message":"Error = Error: connect ETIMEDOUT , Filename = repair.request.model.js"}
{"level":"error","message":"Error = Error: connect ETIMEDOUT , Filename = ecommerce.basket.model.js"}
{"level":"error","message":"Error = Error: connect ETIMEDOUT , Filename = ecommerce.basket.model.js"}
{"level":"error","message":"Error = Error: connect ETIMEDOUT , Filename = repair.request.model.js"}
{"level":"error","message":"Error = Error: connect ETIMEDOUT , Filename = repair.request.model.js"}
{"level":"error","message":"Error = Error: connect ETIMEDOUT , Filename = repair.request.model.js"}
{"level":"error","message":"Error = Error: connect ETIMEDOUT , Filename = ecommerce.basket.model.js"}
{"level":"error","message":"Error = Error: connect ETIMEDOUT , Filename = repair.request.model.js"}
{"level":"error","message":"Error = Error: connect ETIMEDOUT , Filename = repair.request.model.js"}
{"level":"error","message":"Error = Error: connect ETIMEDOUT , Filename = repair.request.model.js"}
{"level":"error","message":"Error = Error: connect ETIMEDOUT , Filename = repair.request.model.js"}
{"level":"error","message":"Error = Error: connect ETIMEDOUT , Filename = repair.request.model.js"}
{"level":"error","message":"Error = Error: connect ETIMEDOUT , Filename = repair.request.model.js"}
{"level":"error","message":"Error = Error: getaddrinfo ENOTFOUND ahgroup-oms-livedb.c0mvk63k2gmc.us-east-2.rds.amazonaws.com , Filename = repair.request.model.js"}
{"level":"error","message":"Error = Error: getaddrinfo ENOTFOUND ahgroup-oms-livedb.c0mvk63k2gmc.us-east-2.rds.amazonaws.com , Filename = ecommerce.basket.model.js"}
{"level":"error","message":"Error = Error: getaddrinfo ENOTFOUND ahgroup-oms-livedb.c0mvk63k2gmc.us-east-2.rds.amazonaws.com , Filename = repair.request.model.js"}
{"level":"error","message":"Error = Error: getaddrinfo ENOTFOUND ahgroup-oms-livedb.c0mvk63k2gmc.us-east-2.rds.amazonaws.com , Filename = ecommerce.basket.model.js"}
{"level":"error","message":"Error = Error: getaddrinfo ENOTFOUND ahgroup-oms-livedb.c0mvk63k2gmc.us-east-2.rds.amazonaws.com , Filename = repair.request.model.js"}
{"level":"error","message":"Error = Error: getaddrinfo ENOTFOUND ahgroup-oms-livedb.c0mvk63k2gmc.us-east-2.rds.amazonaws.com , Filename = ecommerce.basket.model.js"}
{"level":"error","message":"Error = Error: getaddrinfo ENOTFOUND ahgroup-oms-livedb.c0mvk63k2gmc.us-east-2.rds.amazonaws.com , Filename = repair.request.model.js"}
{"level":"error","message":"Error = Error: getaddrinfo ENOTFOUND ahgroup-oms-livedb.c0mvk63k2gmc.us-east-2.rds.amazonaws.com , Filename = repair.request.model.js"}
{"level":"error","message":"Error = Error: getaddrinfo ENOTFOUND ahgroup-oms-livedb.c0mvk63k2gmc.us-east-2.rds.amazonaws.com , Filename = ecommerce.basket.model.js"}
{"level":"error","message":"Error = Error: getaddrinfo ENOTFOUND ahgroup-oms-livedb.c0mvk63k2gmc.us-east-2.rds.amazonaws.com , Filename = repair.request.model.js"}
{"level":"error","message":"Error = Error: getaddrinfo ENOTFOUND ahgroup-oms-livedb.c0mvk63k2gmc.us-east-2.rds.amazonaws.com , Filename = ecommerce.basket.model.js"}
{"level":"error","message":"Error = Error: getaddrinfo ENOTFOUND ahgroup-oms-livedb.c0mvk63k2gmc.us-east-2.rds.amazonaws.com , Filename = repair.request.model.js"}
{"level":"error","message":"Error = Error: getaddrinfo ENOTFOUND ahgroup-oms-livedb.c0mvk63k2gmc.us-east-2.rds.amazonaws.com , Filename = repair.request.model.js"}
{"level":"error","message":"Error = Error: ER_BAD_FIELD_ERROR: Unknown column 'RR.Requestor' in 'field list' , Filename = repair.request.model.js"}
{"level":"error","message":"Error = Error: ER_BAD_FIELD_ERROR: Unknown column 'RR.Requestor' in 'field list' , Filename = repair.request.model.js"}
{"level":"error","message":"Error = Error: Handshake inactivity timeout , Filename = repair.request.model.js"}
{"level":"error","message":"Error = Error: Handshake inactivity timeout , Filename = repair.request.model.js"}
{"level":"error","message":"Error = Error: Handshake inactivity timeout , Filename = repair.request.model.js"}
{"level":"error","message":"Error = Error: Handshake inactivity timeout , Filename = quotes.model.js"}
{"level":"error","message":"Error = Error: Handshake inactivity timeout , Filename = repair.request.model.js"}
{"level":"error","message":"Error = Error: Handshake inactivity timeout , Filename = repair.request.model.js"}
{"level":"error","message":"Error = Error: Handshake inactivity timeout , Filename = repair.request.model.js"}
{"level":"error","message":"Error = Error: Handshake inactivity timeout , Filename = repair.request.model.js"}
{"level":"error","message":"Error = Error: Handshake inactivity timeout , Filename = repair.request.model.js"}
{"level":"error","message":"Error = Error: Handshake inactivity timeout , Filename = repair.request.model.js"}
{"level":"error","message":"Error = Error: ER_BAD_FIELD_ERROR: Unknown column 'RR.Requestor' in 'field list' , Filename = repair.request.model.js"}
{"level":"error","message":"Error = Error: ER_BAD_FIELD_ERROR: Unknown column 'RR.Requestor' in 'field list' , Filename = repair.request.model.js"}
{"level":"error","message":"Error = Error: Handshake inactivity timeout , Filename = repair.request.model.js"}
{"level":"error","message":"Error = Error: Handshake inactivity timeout , Filename = repair.request.model.js"}
{"level":"error","message":"Error = Error: Handshake inactivity timeout , Filename = ecommerce.basket.model.js"}
{"level":"error","message":"Error = Error: Handshake inactivity timeout , Filename = repair.request.model.js"}
{"level":"error","message":"Error = Error: Handshake inactivity timeout , Filename = ecommerce.basket.model.js"}
{"level":"error","message":"Error = Error: Handshake inactivity timeout , Filename = ecommerce.basket.model.js"}
{"level":"error","message":"Error = Error: Handshake inactivity timeout , Filename = repair.request.model.js"}
{"level":"error","message":"Error = Error: Handshake inactivity timeout , Filename = repair.request.model.js"}
{"level":"error","message":"Error = Error: Handshake inactivity timeout , Filename = repair.request.model.js"}
{"level":"error","message":"Error = Error: Handshake inactivity timeout , Filename = repair.request.model.js"}
{"level":"error","message":"Error = Error: connect ETIMEDOUT , Filename = repair.request.model.js"}
{"level":"error","message":"Error = Error: connect ETIMEDOUT , Filename = ecommerce.basket.model.js"}
{"level":"error","message":"Error = Error: connect ETIMEDOUT , Filename = repair.request.model.js"}
{
  message: 'Error = Error: getaddrinfo ENOTFOUND ahgroup-oms-sandboxdb.c0mvk63k2gmc.us-east-2.rds.amazonaws.com , Filename = repair.request.model.js',
  level: 'error',
  timestamp: '2023-04-21T13:04:44.782Z'
}
{
  message: 'Error = Error: getaddrinfo ENOTFOUND ahgroup-oms-sandboxdb.c0mvk63k2gmc.us-east-2.rds.amazonaws.com , Filename = ecommerce.basket.model.js',
  level: 'error',
  timestamp: '2023-04-21T13:20:14.614Z'
}
{
  message: 'Error = Error: getaddrinfo ENOTFOUND ahgroup-oms-sandboxdb.c0mvk63k2gmc.us-east-2.rds.amazonaws.com , Filename = ecommerce.basket.model.js',
  level: 'error',
  timestamp: '2023-04-21T13:20:14.638Z'
}
{
  message: 'Error = Error: connect ETIMEDOUT 65.1.73.181:3306 , Filename = repair.request.model.js',
  level: 'error',
  timestamp: '2023-04-25T04:52:55.870Z'
}
{
  message: 'Error = Error: Handshake inactivity timeout , Filename = repair.request.model.js',
  level: 'error',
  timestamp: '2023-04-25T04:53:17.389Z'
}
{
  message: 'Error = Error: Handshake inactivity timeout , Filename = repair.request.model.js',
  level: 'error',
  timestamp: '2023-04-25T05:11:04.469Z'
}
{
  message: 'Error = Error: Handshake inactivity timeout , Filename = repair.request.model.js',
  level: 'error',
  timestamp: '2023-04-25T05:11:16.616Z'
}
{
  message: 'Error = Error: Handshake inactivity timeout , Filename = repair.request.model.js',
  level: 'error',
  timestamp: '2023-04-25T05:28:42.684Z'
}
{
  message: 'Error = Error: connect ETIMEDOUT 65.1.73.181:3306 , Filename = repair.request.model.js',
  level: 'error',
  timestamp: '2023-04-25T12:38:44.412Z'
}
{
  message: 'Error = Error: connect ETIMEDOUT 65.1.73.181:3306 , Filename = repair.request.model.js',
  level: 'error',
  timestamp: '2023-04-25T13:57:47.979Z'
}
{
  message: 'Error = Error: Handshake inactivity timeout , Filename = repair.request.model.js',
  level: 'error',
  timestamp: '2023-04-25T14:02:55.971Z'
}
{
  message: 'Error = Error: Handshake inactivity timeout , Filename = repair.request.model.js',
  level: 'error',
  timestamp: '2023-04-26T06:01:09.960Z'
}
{
  message: 'Error = Error: connect ENETUNREACH 65.1.73.181:3306 - Local (0.0.0.0:60874) , Filename = repair.request.model.js',
  level: 'error',
  timestamp: '2023-04-26T11:47:37.423Z'
}
{
  message: 'Error = Error: connect ENETUNREACH 65.1.73.181:3306 - Local (0.0.0.0:60921) , Filename = ecommerce.basket.model.js',
  level: 'error',
  timestamp: '2023-04-26T11:47:47.413Z'
}
{
  message: 'Error = Error: Handshake inactivity timeout , Filename = ecommerce.basket.model.js',
  level: 'error',
  timestamp: '2023-04-26T19:34:00.941Z'
}
{
  message: 'Error = [object Object] , Filename = quotes.model.js',
  level: 'error',
  timestamp: '2023-04-26T19:39:43.783Z'
}
{
  message: 'Error = Error: Handshake inactivity timeout , Filename = repair.request.model.js',
  level: 'error',
  timestamp: '2023-04-26T21:40:38.575Z'
}
{
  message: 'Error = Error: Handshake inactivity timeout , Filename = repair.request.model.js',
  level: 'error',
  timestamp: '2023-04-26T21:40:38.586Z'
}
{
  message: 'Error = Error: Handshake inactivity timeout , Filename = repair.request.model.js',
  level: 'error',
  timestamp: '2023-04-27T06:12:28.182Z'
}
{
  message: 'Error = Error: Handshake inactivity timeout , Filename = repair.request.model.js',
  level: 'error',
  timestamp: '2023-04-27T16:16:34.533Z'
}
{
  message: 'Error = Error: Handshake inactivity timeout , Filename = repair.request.model.js',
  level: 'error',
  timestamp: '2023-04-27T16:39:44.792Z'
}
{
  message: 'Error = Error: Handshake inactivity timeout , Filename = repair.request.model.js',
  level: 'error',
  timestamp: '2023-04-27T18:26:35.216Z'
}
{
  message: 'Error = Error: Handshake inactivity timeout , Filename = repairrequest.controller.js',
  level: 'error',
  timestamp: '2023-04-28T05:27:24.886Z'
}
{
  message: 'Error = Error: Handshake inactivity timeout , Filename = repair.request.model.js',
  level: 'error',
  timestamp: '2023-04-28T13:26:36.186Z'
}
{
  message: 'Error = Error: Handshake inactivity timeout , Filename = repair.request.model.js',
  level: 'error',
  timestamp: '2023-04-28T15:44:21.550Z'
}
{
  message: 'Error = Error: Handshake inactivity timeout , Filename = repair.request.model.js',
  level: 'error',
  timestamp: '2023-04-28T15:47:17.396Z'
}
{
  message: 'Error = Error: Handshake inactivity timeout , Filename = repair.request.model.js',
  level: 'error',
  timestamp: '2023-04-28T15:57:27.745Z'
}
{
  message: 'Error = Error: Handshake inactivity timeout , Filename = ecommerce.basket.model.js',
  level: 'error',
  timestamp: '2023-04-28T20:27:55.432Z'
}
{
  message: 'Error = Error: Handshake inactivity timeout , Filename = repair.request.model.js',
  level: 'error',
  timestamp: '2023-04-29T05:33:15.728Z'
}
{
  message: 'Error = Error: Handshake inactivity timeout , Filename = ecommerce.basket.model.js',
  level: 'error',
  timestamp: '2023-04-29T05:33:15.738Z'
}
{
  message: 'Error = Error: Handshake inactivity timeout , Filename = repair.request.model.js',
  level: 'error',
  timestamp: '2023-04-29T05:40:18.382Z'
}
{
  message: 'Error = Error: Handshake inactivity timeout , Filename = repair.request.model.js',
  level: 'error',
  timestamp: '2023-04-29T06:04:35.213Z'
}
{
  message: 'Error = Error: Handshake inactivity timeout , Filename = repair.request.model.js',
  level: 'error',
  timestamp: '2023-04-29T06:07:53.642Z'
}
{
  message: 'Error = Error: Handshake inactivity timeout , Filename = repair.request.model.js',
  level: 'error',
  timestamp: '2023-04-29T06:08:19.434Z'
}
{
  message: 'Error = Error: Handshake inactivity timeout, Filename = repair.request.vendors.model.js',
  level: 'error',
  timestamp: '2023-04-29T06:12:01.137Z'
}
{
  message: 'Error = Error: Handshake inactivity timeout , Filename = repair.request.model.js',
  level: 'error',
  timestamp: '2023-04-29T06:16:56.252Z'
}
{
  message: 'Error = Error: Handshake inactivity timeout , Filename = repair.request.model.js',
  level: 'error',
  timestamp: '2023-04-29T06:17:13.545Z'
}
{
  message: 'Error = Error: Handshake inactivity timeout , Filename = repair.request.model.js',
  level: 'error',
  timestamp: '2023-04-29T06:29:52.266Z'
}
{
  message: 'Error = Error: Handshake inactivity timeout , Filename = repair.request.model.js',
  level: 'error',
  timestamp: '2023-04-29T08:00:54.249Z'
}
{
  message: 'Error = Error: Handshake inactivity timeout , Filename = ecommerce.basket.model.js',
  level: 'error',
  timestamp: '2023-04-29T08:00:54.258Z'
}
{
  message: 'Error = Error: Handshake inactivity timeout , Filename = repair.request.model.js',
  level: 'error',
  timestamp: '2023-04-29T08:01:05.285Z'
}
{
  message: 'Error = Error: Handshake inactivity timeout , Filename = repair.request.model.js',
  level: 'error',
  timestamp: '2023-04-29T10:19:01.251Z'
}
{
  message: 'Error = Error: Handshake inactivity timeout , Filename = quotes.model.js',
  level: 'error',
  timestamp: '2023-04-29T10:27:50.749Z'
}
{
  message: 'Error = Error: Handshake inactivity timeout , Filename = repair.request.model.js',
  level: 'error',
  timestamp: '2023-04-29T10:27:51.296Z'
}
{
  message: 'Error = [object Object], Filename = quotes.controller.js',
  level: 'error',
  timestamp: '2023-04-29T10:28:51.225Z'
}
{
  message: 'Error = [object Object], Filename = quotes.controller.js',
  level: 'error',
  timestamp: '2023-04-29T10:28:51.226Z'
}
{
  message: 'Error = [object Object], Filename = quotes.controller.js',
  level: 'error',
  timestamp: '2023-04-29T10:28:51.227Z'
}
{
  message: 'Error = [object Object], Filename = quotes.controller.js',
  level: 'error',
  timestamp: '2023-04-29T10:34:15.627Z'
}
{
  message: 'Error = [object Object], Filename = quotes.controller.js',
  level: 'error',
  timestamp: '2023-04-29T10:34:15.628Z'
}
{
  message: 'Error = [object Object], Filename = quotes.controller.js',
  level: 'error',
  timestamp: '2023-04-29T10:34:15.629Z'
}
{
  message: 'Error = Error: Handshake inactivity timeout , Filename = repair.request.model.js',
  level: 'error',
  timestamp: '2023-04-29T10:41:35.289Z'
}
